build/outputs/logs/manifest-merger-debug-report.txt
-- Merging decision tree log ---
manifest
ADDED from Desktop\Barcode_scanner\AndroidManifest.xml:2:1-63:12
	package
		ADDED from Desktop\Barcode_scanner\AndroidManifest.xml:2:98-131
	android:versionName
		ADDED from Desktop\Barcode_scanner\AndroidManifest.xml:2:70-97
		INJECTED from Desktop\Barcode_scanner\AndroidManifest.xml
		INJECTED from Desktop\Barcode_scanner\AndroidManifest.xml
	android:hardwareAccelerated
		ADDED from Desktop\Barcode_scanner\AndroidManifest.xml:2:11-45
	android:versionCode
		ADDED from Desktop\Barcode_scanner\AndroidManifest.xml:2:46-69
		INJECTED from Desktop\Barcode_scanner\AndroidManifest.xml
		INJECTED from Desktop\Barcode_scanner\AndroidManifest.xml
	xmlns:android
		ADDED from Desktop\Barcode_scanner\AndroidManifest.xml:2:132-190
supports-screens
ADDED from Desktop\Barcode_scanner\AndroidManifest.xml:3:5-191
	android:largeScreens
		ADDED from Desktop\Barcode_scanner\AndroidManifest.xml:3:49-76
	android:smallScreens
		ADDED from Desktop\Barcode_scanner\AndroidManifest.xml:3:132-159
	android:normalScreens
		ADDED from Desktop\Barcode_scanner\AndroidManifest.xml:3:77-105
	android:xlargeScreens
		ADDED from Desktop\Barcode_scanner\AndroidManifest.xml:3:160-188
	android:resizeable
		ADDED from Desktop\Barcode_scanner\AndroidManifest.xml:3:106-131
	android:anyDensity
		ADDED from Desktop\Barcode_scanner\AndroidManifest.xml:3:23-48
uses-permission#android.permission.CAMERA
ADDED from Desktop\Barcode_scanner\AndroidManifest.xml:4:5-65
	android:name
		ADDED from Desktop\Barcode_scanner\AndroidManifest.xml:4:22-62
uses-permission#android.permission.ACCESS_COARSE_LOCATION
ADDED from Desktop\Barcode_scanner\AndroidManifest.xml:5:5-81
	android:name
		ADDED from Desktop\Barcode_scanner\AndroidManifest.xml:5:22-78
uses-permission#android.permission.ACCESS_FINE_LOCATION
ADDED from Desktop\Barcode_scanner\AndroidManifest.xml:6:5-79
	android:name
		ADDED from Desktop\Barcode_scanner\AndroidManifest.xml:6:22-76
uses-permission#android.permission.ACCESS_LOCATION_EXTRA_COMMANDS
ADDED from Desktop\Barcode_scanner\AndroidManifest.xml:7:5-89
	android:name
		ADDED from Desktop\Barcode_scanner\AndroidManifest.xml:7:22-86
uses-permission#android.permission.READ_PHONE_STATE
ADDED from Desktop\Barcode_scanner\AndroidManifest.xml:8:5-75
	android:name
		ADDED from Desktop\Barcode_scanner\AndroidManifest.xml:8:22-72
uses-permission#android.permission.INTERNET
ADDED from Desktop\Barcode_scanner\AndroidManifest.xml:9:5-67
	android:name
		ADDED from Desktop\Barcode_scanner\AndroidManifest.xml:9:22-64
uses-permission#android.permission.RECEIVE_SMS
ADDED from Desktop\Barcode_scanner\AndroidManifest.xml:10:5-70
	android:name
		ADDED from Desktop\Barcode_scanner\AndroidManifest.xml:10:22-67
uses-permission#android.permission.RECORD_AUDIO
ADDED from Desktop\Barcode_scanner\AndroidManifest.xml:11:5-71
	android:name
		ADDED from Desktop\Barcode_scanner\AndroidManifest.xml:11:22-68
uses-permission#android.permission.MODIFY_AUDIO_SETTINGS
ADDED from Desktop\Barcode_scanner\AndroidManifest.xml:12:5-80
	android:name
		ADDED from Desktop\Barcode_scanner\AndroidManifest.xml:12:22-77
uses-permission#android.permission.VIBRATE
ADDED from Desktop\Barcode_scanner\AndroidManifest.xml:13:5-66
	android:name
		ADDED from Desktop\Barcode_scanner\AndroidManifest.xml:13:22-63
uses-permission#android.permission.READ_CONTACTS
ADDED from Desktop\Barcode_scanner\AndroidManifest.xml:14:5-72
	android:name
		ADDED from Desktop\Barcode_scanner\AndroidManifest.xml:14:22-69
uses-permission#android.permission.WRITE_CONTACTS
ADDED from Desktop\Barcode_scanner\AndroidManifest.xml:15:5-73
	android:name
		ADDED from Desktop\Barcode_scanner\AndroidManifest.xml:15:22-70
uses-permission#android.permission.WRITE_EXTERNAL_STORAGE
ADDED from Desktop\Barcode_scanner\AndroidManifest.xml:16:5-81
	android:name
		ADDED from Desktop\Barcode_scanner\AndroidManifest.xml:16:22-78
uses-permission#android.permission.ACCESS_NETWORK_STATE
ADDED from Desktop\Barcode_scanner\AndroidManifest.xml:17:5-79
	android:name
		ADDED from Desktop\Barcode_scanner\AndroidManifest.xml:17:22-76
uses-permission#android.permission.GET_ACCOUNTS
ADDED from Desktop\Barcode_scanner\AndroidManifest.xml:18:5-71
	android:name
		ADDED from Desktop\Barcode_scanner\AndroidManifest.xml:18:22-68
uses-permission#com.android.browser.permission.READ_HISTORY_BOOKMARKS
ADDED from Desktop\Barcode_scanner\AndroidManifest.xml:19:5-93
	android:name
		ADDED from Desktop\Barcode_scanner\AndroidManifest.xml:19:22-90
uses-permission#android.permission.WAKE_LOCK
ADDED from Desktop\Barcode_scanner\AndroidManifest.xml:20:5-68
	android:name
		ADDED from Desktop\Barcode_scanner\AndroidManifest.xml:20:22-65
application
ADDED from Desktop\Barcode_scanner\AndroidManifest.xml:21:5-55:19
MERGED from [com.android.support:support-v13:23.1.1] AndroidManifest.xml:22:5-20
MERGED from [com.android.support:support-v4:23.1.1] AndroidManifest.xml:22:5-20
	android:label
		ADDED from Desktop\Barcode_scanner\AndroidManifest.xml:21:83-115
	android:supportsRtl
		ADDED from Desktop\Barcode_scanner\AndroidManifest.xml:21:116-142
	android:hardwareAccelerated
		ADDED from Desktop\Barcode_scanner\AndroidManifest.xml:21:18-52
	android:icon
		ADDED from Desktop\Barcode_scanner\AndroidManifest.xml:21:53-82
activity#io.appery.project372894.MainActivity
ADDED from Desktop\Barcode_scanner\AndroidManifest.xml:22:9-27:20
	android:label
		ADDED from Desktop\Barcode_scanner\AndroidManifest.xml:22:81-118
	android:launchMode
		ADDED from Desktop\Barcode_scanner\AndroidManifest.xml:22:119-149
	android:windowSoftInputMode
		ADDED from Desktop\Barcode_scanner\AndroidManifest.xml:22:232-274
	android:configChanges
		ADDED from Desktop\Barcode_scanner\AndroidManifest.xml:22:19-80
	android:theme
		ADDED from Desktop\Barcode_scanner\AndroidManifest.xml:22:178-231
	android:name
		ADDED from Desktop\Barcode_scanner\AndroidManifest.xml:22:150-177
intent-filter#android.intent.action.MAIN+android.intent.category.LAUNCHER
ADDED from Desktop\Barcode_scanner\AndroidManifest.xml:23:13-26:29
	android:label
		ADDED from Desktop\Barcode_scanner\AndroidManifest.xml:23:28-65
action#android.intent.action.MAIN
ADDED from Desktop\Barcode_scanner\AndroidManifest.xml:24:17-69
	android:name
		ADDED from Desktop\Barcode_scanner\AndroidManifest.xml:24:25-66
category#android.intent.category.LAUNCHER
ADDED from Desktop\Barcode_scanner\AndroidManifest.xml:25:17-77
	android:name
		ADDED from Desktop\Barcode_scanner\AndroidManifest.xml:25:27-74
activity#com.google.zxing.client.android.CaptureActivity
ADDED from Desktop\Barcode_scanner\AndroidManifest.xml:28:9-33:20
	android:clearTaskOnLaunch
		ADDED from Desktop\Barcode_scanner\AndroidManifest.xml:28:19-51
	android:exported
		ADDED from Desktop\Barcode_scanner\AndroidManifest.xml:28:103-127
	android:windowSoftInputMode
		ADDED from Desktop\Barcode_scanner\AndroidManifest.xml:28:250-297
	android:configChanges
		ADDED from Desktop\Barcode_scanner\AndroidManifest.xml:28:52-102
	android:theme
		ADDED from Desktop\Barcode_scanner\AndroidManifest.xml:28:191-249
	android:name
		ADDED from Desktop\Barcode_scanner\AndroidManifest.xml:28:128-190
intent-filter#android.intent.category.DEFAULT+com.google.zxing.client.android.SCAN
ADDED from Desktop\Barcode_scanner\AndroidManifest.xml:29:13-32:29
action#com.google.zxing.client.android.SCAN
ADDED from Desktop\Barcode_scanner\AndroidManifest.xml:30:17-79
	android:name
		ADDED from Desktop\Barcode_scanner\AndroidManifest.xml:30:25-76
category#android.intent.category.DEFAULT
ADDED from Desktop\Barcode_scanner\AndroidManifest.xml:31:17-76
	android:name
		ADDED from Desktop\Barcode_scanner\AndroidManifest.xml:31:27-73
activity#com.google.zxing.client.android.encode.EncodeActivity
ADDED from Desktop\Barcode_scanner\AndroidManifest.xml:34:9-39:20
	android:label
		ADDED from Desktop\Barcode_scanner\AndroidManifest.xml:34:19-53
	android:name
		ADDED from Desktop\Barcode_scanner\AndroidManifest.xml:34:54-122
intent-filter#android.intent.category.DEFAULT+com.phonegap.plugins.barcodescanner.ENCODE
ADDED from Desktop\Barcode_scanner\AndroidManifest.xml:35:13-38:29
action#com.phonegap.plugins.barcodescanner.ENCODE
ADDED from Desktop\Barcode_scanner\AndroidManifest.xml:36:17-85
	android:name
		ADDED from Desktop\Barcode_scanner\AndroidManifest.xml:36:25-82
activity#com.google.zxing.client.android.HelpActivity
ADDED from Desktop\Barcode_scanner\AndroidManifest.xml:40:9-45:20
	android:label
		ADDED from Desktop\Barcode_scanner\AndroidManifest.xml:40:19-53
	android:name
		ADDED from Desktop\Barcode_scanner\AndroidManifest.xml:40:54-113
intent-filter#android.intent.action.VIEW+android.intent.category.DEFAULT
ADDED from Desktop\Barcode_scanner\AndroidManifest.xml:41:13-44:29
action#android.intent.action.VIEW
ADDED from Desktop\Barcode_scanner\AndroidManifest.xml:42:17-69
	android:name
		ADDED from Desktop\Barcode_scanner\AndroidManifest.xml:42:25-66
activity#com.adobe.phonegap.push.PushHandlerActivity
ADDED from Desktop\Barcode_scanner\AndroidManifest.xml:46:9-104
	android:exported
		ADDED from Desktop\Barcode_scanner\AndroidManifest.xml:46:19-42
	android:name
		ADDED from Desktop\Barcode_scanner\AndroidManifest.xml:46:43-101
receiver#com.adobe.phonegap.push.CordovaGCMBroadcastReceiver
ADDED from Desktop\Barcode_scanner\AndroidManifest.xml:47:9-53:20
	android:permission
		ADDED from Desktop\Barcode_scanner\AndroidManifest.xml:47:86-146
	android:name
		ADDED from Desktop\Barcode_scanner\AndroidManifest.xml:47:19-85
intent-filter#com.google.android.c2dm.intent.RECEIVE+com.google.android.c2dm.intent.REGISTRATION+io.appery.project372894
ADDED from Desktop\Barcode_scanner\AndroidManifest.xml:48:13-52:29
action#com.google.android.c2dm.intent.RECEIVE
ADDED from Desktop\Barcode_scanner\AndroidManifest.xml:49:17-81
	android:name
		ADDED from Desktop\Barcode_scanner\AndroidManifest.xml:49:25-78
action#com.google.android.c2dm.intent.REGISTRATION
ADDED from Desktop\Barcode_scanner\AndroidManifest.xml:50:17-86
	android:name
		ADDED from Desktop\Barcode_scanner\AndroidManifest.xml:50:25-83
category#io.appery.project372894
ADDED from Desktop\Barcode_scanner\AndroidManifest.xml:51:17-68
	android:name
		ADDED from Desktop\Barcode_scanner\AndroidManifest.xml:51:27-65
service#com.adobe.phonegap.push.GCMIntentService
ADDED from Desktop\Barcode_scanner\AndroidManifest.xml:54:9-76
	android:name
		ADDED from Desktop\Barcode_scanner\AndroidManifest.xml:54:18-73
uses-sdk
ADDED from Desktop\Barcode_scanner\AndroidManifest.xml:56:5-74
MERGED from [com.android.support:support-v13:23.1.1] AndroidManifest.xml:20:5-44
MERGED from [com.android.support:support-v4:23.1.1] AndroidManifest.xml:20:5-43
MERGED from [Barcode_scanner:CordovaLib:unspecified:debug] AndroidManifest.xml:25:5-44
	android:targetSdkVersion
		ADDED from Desktop\Barcode_scanner\AndroidManifest.xml:56:42-71
	android:minSdkVersion
		ADDED from Desktop\Barcode_scanner\AndroidManifest.xml:56:15-41
uses-permission#android.permission.FLASHLIGHT
ADDED from Desktop\Barcode_scanner\AndroidManifest.xml:57:5-69
	android:name
		ADDED from Desktop\Barcode_scanner\AndroidManifest.xml:57:22-66
uses-feature#android.hardware.camera
ADDED from Desktop\Barcode_scanner\AndroidManifest.xml:58:5-85
	android:required
		ADDED from Desktop\Barcode_scanner\AndroidManifest.xml:58:58-82
	android:name
		ADDED from Desktop\Barcode_scanner\AndroidManifest.xml:58:19-57
uses-permission#com.google.android.c2dm.permission.RECEIVE
ADDED from Desktop\Barcode_scanner\AndroidManifest.xml:59:5-82
	android:name
		ADDED from Desktop\Barcode_scanner\AndroidManifest.xml:59:22-79
permission#io.appery.project372894.permission.C2D_MESSAGE
ADDED from Desktop\Barcode_scanner\AndroidManifest.xml:60:5-117
	android:protectionLevel
		ADDED from Desktop\Barcode_scanner\AndroidManifest.xml:60:79-114
	android:name
		ADDED from Desktop\Barcode_scanner\AndroidManifest.xml:60:17-78
uses-permission#io.appery.project372894.permission.C2D_MESSAGE
ADDED from Desktop\Barcode_scanner\AndroidManifest.xml:61:5-86
	android:name
		ADDED from Desktop\Barcode_scanner\AndroidManifest.xml:61:22-83
uses-permission#android.permission.RECORD_VIDEO
ADDED from Desktop\Barcode_scanner\AndroidManifest.xml:62:5-71
	android:name
		ADDED from Desktop\Barcode_scanner\AndroidManifest.xml:62:22-68